[2016-10-21 09:48:29 +0000] [622] [INFO] Starting gunicorn 19.6.0
[2016-10-21 09:48:29 +0000] [622] [INFO] Listening at: http://0.0.0.0:8000 (622)
[2016-10-21 09:48:29 +0000] [622] [INFO] Using worker: gevent
[2016-10-21 09:48:29 +0000] [625] [INFO] Booting worker with pid: 625
[2016-10-21 09:48:29 +0000] [626] [INFO] Booting worker with pid: 626
[2016-10-21 09:48:30 +0000] [628] [INFO] Booting worker with pid: 628
[2016-10-21 09:48:30 +0000] [629] [INFO] Booting worker with pid: 629
[2016-10-21 09:48:30 +0000] [631] [INFO] Booting worker with pid: 631
[2016-10-21 09:48:30 +0000] [632] [INFO] Booting worker with pid: 632
[2016-10-21 09:48:30 +0000] [633] [INFO] Booting worker with pid: 633
[2016-10-21 09:48:30 +0000] [635] [INFO] Booting worker with pid: 635
[2016-10-21 09:48:35 +0000] [622] [INFO] Handling signal: int
[2016-10-21 09:48:35 +0000] [625] [INFO] Worker exiting (pid: 625)
[2016-10-21 09:48:35 +0000] [628] [INFO] Worker exiting (pid: 628)
[2016-10-21 09:48:35 +0000] [626] [INFO] Worker exiting (pid: 626)
[2016-10-21 09:48:35 +0000] [629] [INFO] Worker exiting (pid: 629)
[2016-10-21 09:48:35 +0000] [632] [INFO] Worker exiting (pid: 632)
[2016-10-21 09:48:35 +0000] [631] [INFO] Worker exiting (pid: 631)
[2016-10-21 09:48:36 +0000] [635] [INFO] Worker exiting (pid: 635)
[2016-10-21 09:48:36 +0000] [633] [INFO] Worker exiting (pid: 633)
[2016-10-21 09:48:36 +0000] [622] [INFO] Shutting down: Master
[2016-10-21 09:48:53 +0000] [641] [INFO] Starting gunicorn 19.6.0
[2016-10-21 09:48:53 +0000] [641] [INFO] Listening at: http://0.0.0.0:8000 (641)
[2016-10-21 09:48:53 +0000] [641] [INFO] Using worker: gevent
[2016-10-21 09:48:53 +0000] [644] [INFO] Booting worker with pid: 644
[2016-10-21 09:48:53 +0000] [645] [INFO] Booting worker with pid: 645
[2016-10-21 09:48:53 +0000] [646] [INFO] Booting worker with pid: 646
[2016-10-21 09:48:53 +0000] [648] [INFO] Booting worker with pid: 648
[2016-10-21 09:48:53 +0000] [649] [INFO] Booting worker with pid: 649
[2016-10-21 09:48:53 +0000] [650] [INFO] Booting worker with pid: 650
[2016-10-21 09:48:53 +0000] [652] [INFO] Booting worker with pid: 652
[2016-10-21 09:48:53 +0000] [654] [INFO] Booting worker with pid: 654
[2016-10-21 09:48:58 +0000] [641] [INFO] Handling signal: int
[2016-10-21 09:48:58 +0000] [650] [INFO] Worker exiting (pid: 650)
[2016-10-21 09:48:58 +0000] [644] [INFO] Worker exiting (pid: 644)
[2016-10-21 09:48:58 +0000] [652] [INFO] Worker exiting (pid: 652)
[2016-10-21 09:48:58 +0000] [648] [INFO] Worker exiting (pid: 648)
[2016-10-21 09:48:58 +0000] [645] [INFO] Worker exiting (pid: 645)
[2016-10-21 09:48:58 +0000] [654] [INFO] Worker exiting (pid: 654)
[2016-10-21 09:48:58 +0000] [649] [INFO] Worker exiting (pid: 649)
[2016-10-21 09:48:58 +0000] [646] [INFO] Worker exiting (pid: 646)
[2016-10-21 09:48:59 +0000] [641] [INFO] Shutting down: Master
[2016-10-21 09:49:03 +0000] [660] [INFO] Starting gunicorn 19.6.0
[2016-10-21 09:49:03 +0000] [660] [INFO] Listening at: http://0.0.0.0:8000 (660)
[2016-10-21 09:49:03 +0000] [660] [INFO] Using worker: gevent
[2016-10-21 09:49:03 +0000] [663] [INFO] Booting worker with pid: 663
[2016-10-21 09:49:03 +0000] [664] [INFO] Booting worker with pid: 664
[2016-10-21 09:49:03 +0000] [666] [INFO] Booting worker with pid: 666
[2016-10-21 09:49:03 +0000] [667] [INFO] Booting worker with pid: 667
[2016-10-21 09:49:03 +0000] [669] [INFO] Booting worker with pid: 669
[2016-10-21 09:49:03 +0000] [670] [INFO] Booting worker with pid: 670
[2016-10-21 09:49:03 +0000] [671] [INFO] Booting worker with pid: 671
[2016-10-21 09:49:03 +0000] [672] [INFO] Booting worker with pid: 672
[2016-10-21 09:49:06 +0000] [660] [INFO] Handling signal: int
[2016-10-21 09:49:06 +0000] [664] [INFO] Worker exiting (pid: 664)
[2016-10-21 09:49:06 +0000] [666] [INFO] Worker exiting (pid: 666)
[2016-10-21 09:49:06 +0000] [671] [INFO] Worker exiting (pid: 671)
[2016-10-21 09:49:06 +0000] [670] [INFO] Worker exiting (pid: 670)
[2016-10-21 09:49:06 +0000] [669] [INFO] Worker exiting (pid: 669)
[2016-10-21 09:49:06 +0000] [672] [INFO] Worker exiting (pid: 672)
[2016-10-21 09:49:06 +0000] [667] [INFO] Worker exiting (pid: 667)
[2016-10-21 09:49:06 +0000] [663] [INFO] Worker exiting (pid: 663)
[2016-10-21 09:49:06 +0000] [660] [INFO] Shutting down: Master
[2016-10-21 09:50:24 +0000] [681] [INFO] Starting gunicorn 19.6.0
[2016-10-21 09:50:24 +0000] [681] [INFO] Listening at: http://0.0.0.0:8000 (681)
[2016-10-21 09:50:24 +0000] [681] [INFO] Using worker: gevent
[2016-10-21 09:50:24 +0000] [684] [INFO] Booting worker with pid: 684
[2016-10-21 09:50:24 +0000] [685] [INFO] Booting worker with pid: 685
[2016-10-21 09:50:24 +0000] [687] [INFO] Booting worker with pid: 687
[2016-10-21 09:50:24 +0000] [688] [INFO] Booting worker with pid: 688
[2016-10-21 09:50:24 +0000] [689] [INFO] Booting worker with pid: 689
[2016-10-21 09:50:24 +0000] [690] [INFO] Booting worker with pid: 690
[2016-10-21 09:50:24 +0000] [691] [INFO] Booting worker with pid: 691
[2016-10-21 09:50:24 +0000] [692] [INFO] Booting worker with pid: 692
[2016-10-21 09:50:34 +0000] [681] [INFO] Handling signal: int
[2016-10-21 09:50:34 +0000] [684] [INFO] Worker exiting (pid: 684)
[2016-10-21 09:50:34 +0000] [690] [INFO] Worker exiting (pid: 690)
[2016-10-21 09:50:34 +0000] [687] [INFO] Worker exiting (pid: 687)
[2016-10-21 09:50:34 +0000] [688] [INFO] Worker exiting (pid: 688)
[2016-10-21 09:50:34 +0000] [689] [INFO] Worker exiting (pid: 689)
[2016-10-21 09:50:34 +0000] [685] [INFO] Worker exiting (pid: 685)
[2016-10-21 09:50:34 +0000] [692] [INFO] Worker exiting (pid: 692)
[2016-10-21 09:50:34 +0000] [691] [INFO] Worker exiting (pid: 691)
[2016-10-21 09:50:34 +0000] [681] [INFO] Shutting down: Master
